# JRE version: Java(TM) SE Runtime Environment (8.0_73-b02) (build 1.8.0_73-b02)
# Java VM: Java HotSpot(TM) 64-Bit Server VM (25.73-b02 mixed mode windows-amd64 compressed oops)
Heap:
 PSYoungGen      total 16896K, used 10860K [0x00000000edb00000, 0x00000000f1580000, 0x0000000100000000)
  eden space 14848K, 59% used [0x00000000edb00000,0x00000000ee3a3308,0x00000000ee980000)
  from space 2048K, 98% used [0x00000000ee980000,0x00000000eeb78010,0x00000000eeb80000)
  to   space 17408K, 0% used [0x00000000f0480000,0x00000000f0480000,0x00000000f1580000)
 ParOldGen       total 59904K, used 32530K [0x00000000c9000000, 0x00000000cca80000, 0x00000000edb00000)
  object space 59904K, 54% used [0x00000000c9000000,0x00000000cafc4a70,0x00000000cca80000)
 Metaspace       used 16829K, capacity 17139K, committed 17408K, reserved 1064960K
  class space    used 2142K, capacity 2271K, committed 2304K, reserved 1048576K
GC Heap History (10 events):
Event: 13.264 GC heap before
{Heap before GC invocations=2 (full 0):
 PSYoungGen      total 16896K, used 16896K [0x00000000edb00000, 0x00000000eed80000, 0x0000000100000000)
  eden space 14848K, 100% used [0x00000000edb00000,0x00000000ee980000,0x00000000ee980000)
  from space 2048K, 100% used [0x00000000ee980000,0x00000000eeb80000,0x00000000eeb80000)
  to   space 2048K, 0% used [0x00000000eeb80000,0x00000000eeb80000,0x00000000eed80000)
 ParOldGen       total 38400K, used 1117K [0x00000000c9000000, 0x00000000cb580000, 0x00000000edb00000)
  object space 38400K, 2% used [0x00000000c9000000,0x00000000c9117740,0x00000000cb580000)
 Metaspace       used 15552K, capacity 15829K, committed 15872K, reserved 1062912K
  class space    used 1956K, capacity 2039K, committed 2048K, reserved 1048576K
Event: 13.302 GC heap after
Heap after GC invocations=2 (full 0):
 PSYoungGen      total 16896K, used 2016K [0x00000000edb00000, 0x00000000eed80000, 0x0000000100000000)
  eden space 14848K, 0% used [0x00000000edb00000,0x00000000edb00000,0x00000000ee980000)
  from space 2048K, 98% used [0x00000000eeb80000,0x00000000eed780c0,0x00000000eed80000)
  to   space 2048K, 0% used [0x00000000ee980000,0x00000000ee980000,0x00000000eeb80000)
 ParOldGen       total 38400K, used 8339K [0x00000000c9000000, 0x00000000cb580000, 0x00000000edb00000)
  object space 38400K, 21% used [0x00000000c9000000,0x00000000c9824eb8,0x00000000cb580000)
 Metaspace       used 15552K, capacity 15829K, committed 15872K, reserved 1062912K
  class space    used 1956K, capacity 2039K, committed 2048K, reserved 1048576K
}
Event: 21.972 GC heap before
{Heap before GC invocations=3 (full 0):
 PSYoungGen      total 16896K, used 15524K [0x00000000edb00000, 0x00000000eed80000, 0x0000000100000000)
  eden space 14848K, 90% used [0x00000000edb00000,0x00000000ee830f88,0x00000000ee980000)
  from space 2048K, 98% used [0x00000000eeb80000,0x00000000eed780c0,0x00000000eed80000)
  to   space 2048K, 0% used [0x00000000ee980000,0x00000000ee980000,0x00000000eeb80000)
 ParOldGen       total 38400K, used 8339K [0x00000000c9000000, 0x00000000cb580000, 0x00000000edb00000)
  object space 38400K, 21% used [0x00000000c9000000,0x00000000c9824eb8,0x00000000cb580000)
 Metaspace       used 16827K, capacity 17139K, committed 17408K, reserved 1064960K
  class space    used 2142K, capacity 2271K, committed 2304K, reserved 1048576K
Event: 21.990 GC heap after
Heap after GC invocations=3 (full 0):
 PSYoungGen      total 16896K, used 2016K [0x00000000edb00000, 0x00000000eed80000, 0x0000000100000000)
  eden space 14848K, 0% used [0x00000000edb00000,0x00000000edb00000,0x00000000ee980000)
  from space 2048K, 98% used [0x00000000ee980000,0x00000000eeb780b0,0x00000000eeb80000)
  to   space 2048K, 0% used [0x00000000eeb80000,0x00000000eeb80000,0x00000000eed80000)
 ParOldGen       total 38400K, used 10427K [0x00000000c9000000, 0x00000000cb580000, 0x00000000edb00000)
  object space 38400K, 27% used [0x00000000c9000000,0x00000000c9a2eec8,0x00000000cb580000)
 Metaspace       used 16827K, capacity 17139K, committed 17408K, reserved 1064960K
  class space    used 2142K, capacity 2271K, committed 2304K, reserved 1048576K
}
Event: 22.080 GC heap before
{Heap before GC invocations=4 (full 0):
 PSYoungGen      total 16896K, used 16864K [0x00000000edb00000, 0x00000000eed80000, 0x0000000100000000)
  eden space 14848K, 100% used [0x00000000edb00000,0x00000000ee980000,0x00000000ee980000)
  from space 2048K, 98% used [0x00000000ee980000,0x00000000eeb780b0,0x00000000eeb80000)
  to   space 2048K, 0% used [0x00000000eeb80000,0x00000000eeb80000,0x00000000eed80000)
 ParOldGen       total 38400K, used 10427K [0x00000000c9000000, 0x00000000cb580000, 0x00000000edb00000)
  object space 38400K, 27% used [0x00000000c9000000,0x00000000c9a2eec8,0x00000000cb580000)
 Metaspace       used 16828K, capacity 17139K, committed 17408K, reserved 1064960K
  class space    used 2142K, capacity 2271K, committed 2304K, reserved 1048576K
Event: 22.153 GC heap after
Heap after GC invocations=4 (full 0):
 PSYoungGen      total 16896K, used 2032K [0x00000000edb00000, 0x00000000efc00000, 0x0000000100000000)
  eden space 14848K, 0% used [0x00000000edb00000,0x00000000edb00000,0x00000000ee980000)
  from space 2048K, 99% used [0x00000000eeb80000,0x00000000eed7c0c0,0x00000000eed80000)
  to   space 2048K, 0% used [0x00000000ee980000,0x00000000ee980000,0x00000000eeb80000)
 ParOldGen       total 38400K, used 24867K [0x00000000c9000000, 0x00000000cb580000, 0x00000000edb00000)
  object space 38400K, 64% used [0x00000000c9000000,0x00000000ca848ee8,0x00000000cb580000)
 Metaspace       used 16828K, capacity 17139K, committed 17408K, reserved 1064960K
  class space    used 2142K, capacity 2271K, committed 2304K, reserved 1048576K
}
Event: 22.153 GC heap before
{Heap before GC invocations=5 (full 1):
 PSYoungGen      total 16896K, used 2032K [0x00000000edb00000, 0x00000000efc00000, 0x0000000100000000)
  eden space 14848K, 0% used [0x00000000edb00000,0x00000000edb00000,0x00000000ee980000)
  from space 2048K, 99% used [0x00000000eeb80000,0x00000000eed7c0c0,0x00000000eed80000)
  to   space 2048K, 0% used [0x00000000ee980000,0x00000000ee980000,0x00000000eeb80000)
 ParOldGen       total 38400K, used 24867K [0x00000000c9000000, 0x00000000cb580000, 0x00000000edb00000)
  object space 38400K, 64% used [0x00000000c9000000,0x00000000ca848ee8,0x00000000cb580000)
 Metaspace       used 16828K, capacity 17139K, committed 17408K, reserved 1064960K
  class space    used 2142K, capacity 2271K, committed 2304K, reserved 1048576K
Event: 23.208 GC heap after
Heap after GC invocations=5 (full 1):
 PSYoungGen      total 16896K, used 0K [0x00000000edb00000, 0x00000000efc00000, 0x0000000100000000)
  eden space 14848K, 0% used [0x00000000edb00000,0x00000000edb00000,0x00000000ee980000)
  from space 2048K, 0% used [0x00000000eeb80000,0x00000000eeb80000,0x00000000eed80000)
  to   space 2048K, 0% used [0x00000000ee980000,0x00000000ee980000,0x00000000eeb80000)
 ParOldGen       total 59904K, used 24474K [0x00000000c9000000, 0x00000000cca80000, 0x00000000edb00000)
  object space 59904K, 40% used [0x00000000c9000000,0x00000000ca7e6a60,0x00000000cca80000)
 Metaspace       used 16828K, capacity 17139K, committed 17408K, reserved 1064960K
  class space    used 2142K, capacity 2271K, committed 2304K, reserved 1048576K
}
Event: 23.442 GC heap before
{Heap before GC invocations=6 (full 1):
 PSYoungGen      total 16896K, used 14848K [0x00000000edb00000, 0x00000000efc00000, 0x0000000100000000)
  eden space 14848K, 100% used [0x00000000edb00000,0x00000000ee980000,0x00000000ee980000)
  from space 2048K, 0% used [0x00000000eeb80000,0x00000000eeb80000,0x00000000eed80000)
  to   space 2048K, 0% used [0x00000000ee980000,0x00000000ee980000,0x00000000eeb80000)
 ParOldGen       total 59904K, used 24474K [0x00000000c9000000, 0x00000000cca80000, 0x00000000edb00000)
  object space 59904K, 40% used [0x00000000c9000000,0x00000000ca7e6a60,0x00000000cca80000)
 Metaspace       used 16829K, capacity 17139K, committed 17408K, reserved 1064960K
  class space    used 2142K, capacity 2271K, committed 2304K, reserved 1048576K
Event: 23.519 GC heap after
Heap after GC invocations=6 (full 1):
 PSYoungGen      total 16896K, used 2016K [0x00000000edb00000, 0x00000000f1580000, 0x0000000100000000)
  eden space 14848K, 0% used [0x00000000edb00000,0x00000000edb00000,0x00000000ee980000)
  from space 2048K, 98% used [0x00000000ee980000,0x00000000eeb78010,0x00000000eeb80000)
  to   space 17408K, 0% used [0x00000000f0480000,0x00000000f0480000,0x00000000f1580000)
 ParOldGen       total 59904K, used 32530K [0x00000000c9000000, 0x00000000cca80000, 0x00000000edb00000)
  object space 59904K, 54% used [0x00000000c9000000,0x00000000cafc4a70,0x00000000cca80000)
 Metaspace       used 16829K, capacity 17139K, committed 17408K, reserved 1064960K
  class space    used 2142K, capacity 2271K, committed 2304K, reserved 1048576K
}

