# JRE version: Java(TM) SE Runtime Environment (8.0_73-b02) (build 1.8.0_73-b02)
# Java VM: Java HotSpot(TM) 64-Bit Server VM (25.73-b02 mixed mode windows-amd64 compressed oops)
Heap:
 PSYoungGen      total 16896K, used 10849K [0x00000000edb00000, 0x00000000f1780000, 0x0000000100000000)
  eden space 14848K, 59% used [0x00000000edb00000,0x00000000ee3a05e8,0x00000000ee980000)
  from space 2048K, 98% used [0x00000000ee980000,0x00000000eeb78010,0x00000000eeb80000)
  to   space 18432K, 0% used [0x00000000f0580000,0x00000000f0580000,0x00000000f1780000)
 ParOldGen       total 59392K, used 32527K [0x00000000c9000000, 0x00000000cca00000, 0x00000000edb00000)
  object space 59392K, 54% used [0x00000000c9000000,0x00000000cafc3d70,0x00000000cca00000)
 Metaspace       used 16822K, capacity 17135K, committed 17408K, reserved 1064960K
  class space    used 2141K, capacity 2271K, committed 2304K, reserved 1048576K
GC Heap History (10 events):
Event: 15.548 GC heap before
{Heap before GC invocations=2 (full 0):
 PSYoungGen      total 16896K, used 16880K [0x00000000edb00000, 0x00000000eed80000, 0x0000000100000000)
  eden space 14848K, 100% used [0x00000000edb00000,0x00000000ee980000,0x00000000ee980000)
  from space 2048K, 99% used [0x00000000ee980000,0x00000000eeb7c010,0x00000000eeb80000)
  to   space 2048K, 0% used [0x00000000eeb80000,0x00000000eeb80000,0x00000000eed80000)
 ParOldGen       total 38400K, used 1154K [0x00000000c9000000, 0x00000000cb580000, 0x00000000edb00000)
  object space 38400K, 3% used [0x00000000c9000000,0x00000000c9120a40,0x00000000cb580000)
 Metaspace       used 15564K, capacity 15889K, committed 16128K, reserved 1062912K
  class space    used 1956K, capacity 2039K, committed 2048K, reserved 1048576K
Event: 15.588 GC heap after
Heap after GC invocations=2 (full 0):
 PSYoungGen      total 16896K, used 2016K [0x00000000edb00000, 0x00000000eed80000, 0x0000000100000000)
  eden space 14848K, 0% used [0x00000000edb00000,0x00000000edb00000,0x00000000ee980000)
  from space 2048K, 98% used [0x00000000eeb80000,0x00000000eed780c0,0x00000000eed80000)
  to   space 2048K, 0% used [0x00000000ee980000,0x00000000ee980000,0x00000000eeb80000)
 ParOldGen       total 38400K, used 8351K [0x00000000c9000000, 0x00000000cb580000, 0x00000000edb00000)
  object space 38400K, 21% used [0x00000000c9000000,0x00000000c9827c08,0x00000000cb580000)
 Metaspace       used 15564K, capacity 15889K, committed 16128K, reserved 1062912K
  class space    used 1956K, capacity 2039K, committed 2048K, reserved 1048576K
}
Event: 21.228 GC heap before
{Heap before GC invocations=3 (full 0):
 PSYoungGen      total 16896K, used 15769K [0x00000000edb00000, 0x00000000eed80000, 0x0000000100000000)
  eden space 14848K, 92% used [0x00000000edb00000,0x00000000ee86e358,0x00000000ee980000)
  from space 2048K, 98% used [0x00000000eeb80000,0x00000000eed780c0,0x00000000eed80000)
  to   space 2048K, 0% used [0x00000000ee980000,0x00000000ee980000,0x00000000eeb80000)
 ParOldGen       total 38400K, used 8351K [0x00000000c9000000, 0x00000000cb580000, 0x00000000edb00000)
  object space 38400K, 21% used [0x00000000c9000000,0x00000000c9827c08,0x00000000cb580000)
 Metaspace       used 16821K, capacity 17135K, committed 17408K, reserved 1064960K
  class space    used 2141K, capacity 2271K, committed 2304K, reserved 1048576K
Event: 21.239 GC heap after
Heap after GC invocations=3 (full 0):
 PSYoungGen      total 16896K, used 1312K [0x00000000edb00000, 0x00000000eed80000, 0x0000000100000000)
  eden space 14848K, 0% used [0x00000000edb00000,0x00000000edb00000,0x00000000ee980000)
  from space 2048K, 64% used [0x00000000ee980000,0x00000000eeac80b0,0x00000000eeb80000)
  to   space 2048K, 0% used [0x00000000eeb80000,0x00000000eeb80000,0x00000000eed80000)
 ParOldGen       total 38400K, used 10407K [0x00000000c9000000, 0x00000000cb580000, 0x00000000edb00000)
  object space 38400K, 27% used [0x00000000c9000000,0x00000000c9a29c18,0x00000000cb580000)
 Metaspace       used 16821K, capacity 17135K, committed 17408K, reserved 1064960K
  class space    used 2141K, capacity 2271K, committed 2304K, reserved 1048576K
}
Event: 21.330 GC heap before
{Heap before GC invocations=4 (full 0):
 PSYoungGen      total 16896K, used 16160K [0x00000000edb00000, 0x00000000eed80000, 0x0000000100000000)
  eden space 14848K, 100% used [0x00000000edb00000,0x00000000ee980000,0x00000000ee980000)
  from space 2048K, 64% used [0x00000000ee980000,0x00000000eeac80b0,0x00000000eeb80000)
  to   space 2048K, 0% used [0x00000000eeb80000,0x00000000eeb80000,0x00000000eed80000)
 ParOldGen       total 38400K, used 10407K [0x00000000c9000000, 0x00000000cb580000, 0x00000000edb00000)
  object space 38400K, 27% used [0x00000000c9000000,0x00000000c9a29c18,0x00000000cb580000)
 Metaspace       used 16822K, capacity 17135K, committed 17408K, reserved 1064960K
  class space    used 2141K, capacity 2271K, committed 2304K, reserved 1048576K
Event: 21.410 GC heap after
Heap after GC invocations=4 (full 0):
 PSYoungGen      total 16896K, used 2016K [0x00000000edb00000, 0x00000000efc00000, 0x0000000100000000)
  eden space 14848K, 0% used [0x00000000edb00000,0x00000000edb00000,0x00000000ee980000)
  from space 2048K, 98% used [0x00000000eeb80000,0x00000000eed780b0,0x00000000eed80000)
  to   space 2048K, 0% used [0x00000000ee980000,0x00000000ee980000,0x00000000eeb80000)
 ParOldGen       total 38400K, used 24079K [0x00000000c9000000, 0x00000000cb580000, 0x00000000edb00000)
  object space 38400K, 62% used [0x00000000c9000000,0x00000000ca783c38,0x00000000cb580000)
 Metaspace       used 16822K, capacity 17135K, committed 17408K, reserved 1064960K
  class space    used 2141K, capacity 2271K, committed 2304K, reserved 1048576K
}
Event: 21.410 GC heap before
{Heap before GC invocations=5 (full 1):
 PSYoungGen      total 16896K, used 2016K [0x00000000edb00000, 0x00000000efc00000, 0x0000000100000000)
  eden space 14848K, 0% used [0x00000000edb00000,0x00000000edb00000,0x00000000ee980000)
  from space 2048K, 98% used [0x00000000eeb80000,0x00000000eed780b0,0x00000000eed80000)
  to   space 2048K, 0% used [0x00000000ee980000,0x00000000ee980000,0x00000000eeb80000)
 ParOldGen       total 38400K, used 24079K [0x00000000c9000000, 0x00000000cb580000, 0x00000000edb00000)
  object space 38400K, 62% used [0x00000000c9000000,0x00000000ca783c38,0x00000000cb580000)
 Metaspace       used 16822K, capacity 17135K, committed 17408K, reserved 1064960K
  class space    used 2141K, capacity 2271K, committed 2304K, reserved 1048576K
Event: 22.510 GC heap after
Heap after GC invocations=5 (full 1):
 PSYoungGen      total 16896K, used 0K [0x00000000edb00000, 0x00000000efc00000, 0x0000000100000000)
  eden space 14848K, 0% used [0x00000000edb00000,0x00000000edb00000,0x00000000ee980000)
  from space 2048K, 0% used [0x00000000eeb80000,0x00000000eeb80000,0x00000000eed80000)
  to   space 2048K, 0% used [0x00000000ee980000,0x00000000ee980000,0x00000000eeb80000)
 ParOldGen       total 59392K, used 24455K [0x00000000c9000000, 0x00000000cca00000, 0x00000000edb00000)
  object space 59392K, 41% used [0x00000000c9000000,0x00000000ca7e1d60,0x00000000cca00000)
 Metaspace       used 16822K, capacity 17135K, committed 17408K, reserved 1064960K
  class space    used 2141K, capacity 2271K, committed 2304K, reserved 1048576K
}
Event: 22.749 GC heap before
{Heap before GC invocations=6 (full 1):
 PSYoungGen      total 16896K, used 14848K [0x00000000edb00000, 0x00000000efc00000, 0x0000000100000000)
  eden space 14848K, 100% used [0x00000000edb00000,0x00000000ee980000,0x00000000ee980000)
  from space 2048K, 0% used [0x00000000eeb80000,0x00000000eeb80000,0x00000000eed80000)
  to   space 2048K, 0% used [0x00000000ee980000,0x00000000ee980000,0x00000000eeb80000)
 ParOldGen       total 59392K, used 24455K [0x00000000c9000000, 0x00000000cca00000, 0x00000000edb00000)
  object space 59392K, 41% used [0x00000000c9000000,0x00000000ca7e1d60,0x00000000cca00000)
 Metaspace       used 16822K, capacity 17135K, committed 17408K, reserved 1064960K
  class space    used 2141K, capacity 2271K, committed 2304K, reserved 1048576K
Event: 22.829 GC heap after
Heap after GC invocations=6 (full 1):
 PSYoungGen      total 16896K, used 2016K [0x00000000edb00000, 0x00000000f1780000, 0x0000000100000000)
  eden space 14848K, 0% used [0x00000000edb00000,0x00000000edb00000,0x00000000ee980000)
  from space 2048K, 98% used [0x00000000ee980000,0x00000000eeb78010,0x00000000eeb80000)
  to   space 18432K, 0% used [0x00000000f0580000,0x00000000f0580000,0x00000000f1780000)
 ParOldGen       total 59392K, used 32527K [0x00000000c9000000, 0x00000000cca00000, 0x00000000edb00000)
  object space 59392K, 54% used [0x00000000c9000000,0x00000000cafc3d70,0x00000000cca00000)
 Metaspace       used 16822K, capacity 17135K, committed 17408K, reserved 1064960K
  class space    used 2141K, capacity 2271K, committed 2304K, reserved 1048576K
}

