# JRE version: Java(TM) SE Runtime Environment (8.0_73-b02) (build 1.8.0_73-b02)
# Java VM: Java HotSpot(TM) 64-Bit Server VM (25.73-b02 mixed mode windows-amd64 compressed oops)
Heap:
 PSYoungGen      total 16896K, used 11341K [0x00000000edb00000, 0x00000000efc00000, 0x0000000100000000)
  eden space 14848K, 62% used [0x00000000edb00000,0x00000000ee41b568,0x00000000ee980000)
  from space 2048K, 98% used [0x00000000eeb80000,0x00000000eed780d0,0x00000000eed80000)
  to   space 2048K, 0% used [0x00000000ee980000,0x00000000ee980000,0x00000000eeb80000)
 ParOldGen       total 38400K, used 12516K [0x00000000c9000000, 0x00000000cb580000, 0x00000000edb00000)
  object space 38400K, 32% used [0x00000000c9000000,0x00000000c9c39340,0x00000000cb580000)
 Metaspace       used 19516K, capacity 20485K, committed 20608K, reserved 1067008K
  class space    used 2691K, capacity 2901K, committed 2944K, reserved 1048576K
GC Heap History (8 events):
Event: 4.032 GC heap before
{Heap before GC invocations=1 (full 0):
 PSYoungGen      total 16896K, used 14848K [0x00000000edb00000, 0x00000000eed80000, 0x0000000100000000)
  eden space 14848K, 100% used [0x00000000edb00000,0x00000000ee980000,0x00000000ee980000)
  from space 2048K, 0% used [0x00000000eeb80000,0x00000000eeb80000,0x00000000eed80000)
  to   space 2048K, 0% used [0x00000000ee980000,0x00000000ee980000,0x00000000eeb80000)
 ParOldGen       total 38400K, used 0K [0x00000000c9000000, 0x00000000cb580000, 0x00000000edb00000)
  object space 38400K, 0% used [0x00000000c9000000,0x00000000c9000000,0x00000000cb580000)
 Metaspace       used 8555K, capacity 8956K, committed 9216K, reserved 1056768K
  class space    used 1032K, capacity 1172K, committed 1280K, reserved 1048576K
Event: 4.042 GC heap after
Heap after GC invocations=1 (full 0):
 PSYoungGen      total 16896K, used 2032K [0x00000000edb00000, 0x00000000eed80000, 0x0000000100000000)
  eden space 14848K, 0% used [0x00000000edb00000,0x00000000edb00000,0x00000000ee980000)
  from space 2048K, 99% used [0x00000000ee980000,0x00000000eeb7c030,0x00000000eeb80000)
  to   space 2048K, 0% used [0x00000000eeb80000,0x00000000eeb80000,0x00000000eed80000)
 ParOldGen       total 38400K, used 398K [0x00000000c9000000, 0x00000000cb580000, 0x00000000edb00000)
  object space 38400K, 1% used [0x00000000c9000000,0x00000000c9063840,0x00000000cb580000)
 Metaspace       used 8555K, capacity 8956K, committed 9216K, reserved 1056768K
  class space    used 1032K, capacity 1172K, committed 1280K, reserved 1048576K
}
Event: 6.011 GC heap before
{Heap before GC invocations=2 (full 0):
 PSYoungGen      total 16896K, used 16880K [0x00000000edb00000, 0x00000000eed80000, 0x0000000100000000)
  eden space 14848K, 100% used [0x00000000edb00000,0x00000000ee980000,0x00000000ee980000)
  from space 2048K, 99% used [0x00000000ee980000,0x00000000eeb7c030,0x00000000eeb80000)
  to   space 2048K, 0% used [0x00000000eeb80000,0x00000000eeb80000,0x00000000eed80000)
 ParOldGen       total 38400K, used 398K [0x00000000c9000000, 0x00000000cb580000, 0x00000000edb00000)
  object space 38400K, 1% used [0x00000000c9000000,0x00000000c9063840,0x00000000cb580000)
 Metaspace       used 13455K, capacity 13984K, committed 14208K, reserved 1060864K
  class space    used 1900K, capacity 2056K, committed 2176K, reserved 1048576K
Event: 6.022 GC heap after
Heap after GC invocations=2 (full 0):
 PSYoungGen      total 16896K, used 2032K [0x00000000edb00000, 0x00000000eed80000, 0x0000000100000000)
  eden space 14848K, 0% used [0x00000000edb00000,0x00000000edb00000,0x00000000ee980000)
  from space 2048K, 99% used [0x00000000eeb80000,0x00000000eed7c030,0x00000000eed80000)
  to   space 2048K, 0% used [0x00000000ee980000,0x00000000ee980000,0x00000000eeb80000)
 ParOldGen       total 38400K, used 1936K [0x00000000c9000000, 0x00000000cb580000, 0x00000000edb00000)
  object space 38400K, 5% used [0x00000000c9000000,0x00000000c91e43d8,0x00000000cb580000)
 Metaspace       used 13455K, capacity 13984K, committed 14208K, reserved 1060864K
  class space    used 1900K, capacity 2056K, committed 2176K, reserved 1048576K
}
Event: 20.914 GC heap before
{Heap before GC invocations=3 (full 0):
 PSYoungGen      total 16896K, used 16880K [0x00000000edb00000, 0x00000000eed80000, 0x0000000100000000)
  eden space 14848K, 100% used [0x00000000edb00000,0x00000000ee980000,0x00000000ee980000)
  from space 2048K, 99% used [0x00000000eeb80000,0x00000000eed7c030,0x00000000eed80000)
  to   space 2048K, 0% used [0x00000000ee980000,0x00000000ee980000,0x00000000eeb80000)
 ParOldGen       total 38400K, used 1936K [0x00000000c9000000, 0x00000000cb580000, 0x00000000edb00000)
  object space 38400K, 5% used [0x00000000c9000000,0x00000000c91e43d8,0x00000000cb580000)
 Metaspace       used 16627K, capacity 17548K, committed 17792K, reserved 1064960K
  class space    used 2422K, capacity 2630K, committed 2688K, reserved 1048576K
Event: 20.934 GC heap after
Heap after GC invocations=3 (full 0):
 PSYoungGen      total 16896K, used 2016K [0x00000000edb00000, 0x00000000eed80000, 0x0000000100000000)
  eden space 14848K, 0% used [0x00000000edb00000,0x00000000edb00000,0x00000000ee980000)
  from space 2048K, 98% used [0x00000000ee980000,0x00000000eeb78020,0x00000000eeb80000)
  to   space 2048K, 0% used [0x00000000eeb80000,0x00000000eeb80000,0x00000000eed80000)
 ParOldGen       total 38400K, used 6603K [0x00000000c9000000, 0x00000000cb580000, 0x00000000edb00000)
  object space 38400K, 17% used [0x00000000c9000000,0x00000000c9672dd0,0x00000000cb580000)
 Metaspace       used 16627K, capacity 17548K, committed 17792K, reserved 1064960K
  class space    used 2422K, capacity 2630K, committed 2688K, reserved 1048576K
}
Event: 21.463 GC heap before
{Heap before GC invocations=4 (full 0):
 PSYoungGen      total 16896K, used 16864K [0x00000000edb00000, 0x00000000eed80000, 0x0000000100000000)
  eden space 14848K, 100% used [0x00000000edb00000,0x00000000ee980000,0x00000000ee980000)
  from space 2048K, 98% used [0x00000000ee980000,0x00000000eeb78020,0x00000000eeb80000)
  to   space 2048K, 0% used [0x00000000eeb80000,0x00000000eeb80000,0x00000000eed80000)
 ParOldGen       total 38400K, used 6603K [0x00000000c9000000, 0x00000000cb580000, 0x00000000edb00000)
  object space 38400K, 17% used [0x00000000c9000000,0x00000000c9672dd0,0x00000000cb580000)
 Metaspace       used 17599K, capacity 18546K, committed 18688K, reserved 1064960K
  class space    used 2532K, capacity 2727K, committed 2816K, reserved 1048576K
Event: 21.497 GC heap after
Heap after GC invocations=4 (full 0):
 PSYoungGen      total 16896K, used 2016K [0x00000000edb00000, 0x00000000efc00000, 0x0000000100000000)
  eden space 14848K, 0% used [0x00000000edb00000,0x00000000edb00000,0x00000000ee980000)
  from space 2048K, 98% used [0x00000000eeb80000,0x00000000eed780d0,0x00000000eed80000)
  to   space 2048K, 0% used [0x00000000ee980000,0x00000000ee980000,0x00000000eeb80000)
 ParOldGen       total 38400K, used 12516K [0x00000000c9000000, 0x00000000cb580000, 0x00000000edb00000)
  object space 38400K, 32% used [0x00000000c9000000,0x00000000c9c39340,0x00000000cb580000)
 Metaspace       used 17599K, capacity 18546K, committed 18688K, reserved 1064960K
  class space    used 2532K, capacity 2727K, committed 2816K, reserved 1048576K
}

